day08/王楚杰/code/BaiduMap_AndroidPanoramaSDK_v2.8.6_Sample/build/outputs/logs/manifest-merger-debug-report.txt
-- Merging decision tree log ---
manifest
ADDED from day07map\BaiduMap_AndroidPanoramaSDK_v2.8.6_Sample\AndroidManifest.xml:2:1-51:12
INJECTED from day07map\BaiduMap_AndroidPanoramaSDK_v2.8.6_Sample\AndroidManifest.xml:2:1-51:12
INJECTED from day07map\BaiduMap_AndroidPanoramaSDK_v2.8.6_Sample\AndroidManifest.xml:2:1-51:12
INJECTED from day07map\BaiduMap_AndroidPanoramaSDK_v2.8.6_Sample\AndroidManifest.xml:2:1-51:12
INJECTED from day07map\BaiduMap_AndroidPanoramaSDK_v2.8.6_Sample\AndroidManifest.xml:2:1-51:12
	package
		ADDED from day07map\BaiduMap_AndroidPanoramaSDK_v2.8.6_Sample\AndroidManifest.xml:4:5-40
	android:versionName
		ADDED from day07map\BaiduMap_AndroidPanoramaSDK_v2.8.6_Sample\AndroidManifest.xml:6:5-30
		INJECTED from day07map\BaiduMap_AndroidPanoramaSDK_v2.8.6_Sample\AndroidManifest.xml
		INJECTED from day07map\BaiduMap_AndroidPanoramaSDK_v2.8.6_Sample\AndroidManifest.xml
	xmlns:tools
		ADDED from day07map\BaiduMap_AndroidPanoramaSDK_v2.8.6_Sample\AndroidManifest.xml:3:5-51
	xmlns:android
		ADDED from day07map\BaiduMap_AndroidPanoramaSDK_v2.8.6_Sample\AndroidManifest.xml:2:11-69
	android:versionCode
		ADDED from day07map\BaiduMap_AndroidPanoramaSDK_v2.8.6_Sample\AndroidManifest.xml:5:5-28
		INJECTED from day07map\BaiduMap_AndroidPanoramaSDK_v2.8.6_Sample\AndroidManifest.xml
		INJECTED from day07map\BaiduMap_AndroidPanoramaSDK_v2.8.6_Sample\AndroidManifest.xml
uses-sdk
ADDED from day07map\BaiduMap_AndroidPanoramaSDK_v2.8.6_Sample\AndroidManifest.xml:8:5-10:41
	android:targetSdkVersion
		ADDED from day07map\BaiduMap_AndroidPanoramaSDK_v2.8.6_Sample\AndroidManifest.xml:10:9-38
	android:minSdkVersion
		ADDED from day07map\BaiduMap_AndroidPanoramaSDK_v2.8.6_Sample\AndroidManifest.xml:9:9-35
supports-screens
ADDED from day07map\BaiduMap_AndroidPanoramaSDK_v2.8.6_Sample\AndroidManifest.xml:12:5-17:39
	android:largeScreens
		ADDED from day07map\BaiduMap_AndroidPanoramaSDK_v2.8.6_Sample\AndroidManifest.xml:14:9-36
	android:smallScreens
		ADDED from day07map\BaiduMap_AndroidPanoramaSDK_v2.8.6_Sample\AndroidManifest.xml:17:9-36
	android:normalScreens
		ADDED from day07map\BaiduMap_AndroidPanoramaSDK_v2.8.6_Sample\AndroidManifest.xml:15:9-38
	android:resizeable
		ADDED from day07map\BaiduMap_AndroidPanoramaSDK_v2.8.6_Sample\AndroidManifest.xml:16:9-34
	android:anyDensity
		ADDED from day07map\BaiduMap_AndroidPanoramaSDK_v2.8.6_Sample\AndroidManifest.xml:13:9-34
uses-permission#android.permission.INTERNET
ADDED from day07map\BaiduMap_AndroidPanoramaSDK_v2.8.6_Sample\AndroidManifest.xml:19:5-67
	android:name
		ADDED from day07map\BaiduMap_AndroidPanoramaSDK_v2.8.6_Sample\AndroidManifest.xml:19:22-64
uses-permission#android.permission.ACCESS_NETWORK_STATE
ADDED from day07map\BaiduMap_AndroidPanoramaSDK_v2.8.6_Sample\AndroidManifest.xml:20:5-79
	android:name
		ADDED from day07map\BaiduMap_AndroidPanoramaSDK_v2.8.6_Sample\AndroidManifest.xml:20:22-76
uses-permission#android.permission.ACCESS_WIFI_STATE
ADDED from day07map\BaiduMap_AndroidPanoramaSDK_v2.8.6_Sample\AndroidManifest.xml:21:5-76
	android:name
		ADDED from day07map\BaiduMap_AndroidPanoramaSDK_v2.8.6_Sample\AndroidManifest.xml:21:22-73
application
ADDED from day07map\BaiduMap_AndroidPanoramaSDK_v2.8.6_Sample\AndroidManifest.xml:23:5-49:19
	android:label
		ADDED from day07map\BaiduMap_AndroidPanoramaSDK_v2.8.6_Sample\AndroidManifest.xml:27:9-41
	android:icon
		ADDED from day07map\BaiduMap_AndroidPanoramaSDK_v2.8.6_Sample\AndroidManifest.xml:26:9-45
	android:allowBackup
		ADDED from day07map\BaiduMap_AndroidPanoramaSDK_v2.8.6_Sample\AndroidManifest.xml:25:9-35
	android:theme
		ADDED from day07map\BaiduMap_AndroidPanoramaSDK_v2.8.6_Sample\AndroidManifest.xml:28:9-50
	android:name
		ADDED from day07map\BaiduMap_AndroidPanoramaSDK_v2.8.6_Sample\AndroidManifest.xml:24:9-69
meta-data#com.baidu.lbsapi.API_KEY
ADDED from day07map\BaiduMap_AndroidPanoramaSDK_v2.8.6_Sample\AndroidManifest.xml:29:9-31:64
	android:value
		ADDED from day07map\BaiduMap_AndroidPanoramaSDK_v2.8.6_Sample\AndroidManifest.xml:31:13-61
	android:name
		ADDED from day07map\BaiduMap_AndroidPanoramaSDK_v2.8.6_Sample\AndroidManifest.xml:30:13-52
activity#com.baidu.lbsapi.panodemo.PanoDemoActivity
ADDED from day07map\BaiduMap_AndroidPanoramaSDK_v2.8.6_Sample\AndroidManifest.xml:33:9-43:20
	android:screenOrientation
		ADDED from day07map\BaiduMap_AndroidPanoramaSDK_v2.8.6_Sample\AndroidManifest.xml:37:13-49
	android:label
		ADDED from day07map\BaiduMap_AndroidPanoramaSDK_v2.8.6_Sample\AndroidManifest.xml:36:13-45
	android:configChanges
		ADDED from day07map\BaiduMap_AndroidPanoramaSDK_v2.8.6_Sample\AndroidManifest.xml:35:13-48
	android:name
		ADDED from day07map\BaiduMap_AndroidPanoramaSDK_v2.8.6_Sample\AndroidManifest.xml:34:13-70
intent-filter#action:name:android.intent.action.MAIN+category:name:android.intent.category.LAUNCHER
ADDED from day07map\BaiduMap_AndroidPanoramaSDK_v2.8.6_Sample\AndroidManifest.xml:38:13-42:29
action#android.intent.action.MAIN
ADDED from day07map\BaiduMap_AndroidPanoramaSDK_v2.8.6_Sample\AndroidManifest.xml:39:17-69
	android:name
		ADDED from day07map\BaiduMap_AndroidPanoramaSDK_v2.8.6_Sample\AndroidManifest.xml:39:25-66
category#android.intent.category.LAUNCHER
ADDED from day07map\BaiduMap_AndroidPanoramaSDK_v2.8.6_Sample\AndroidManifest.xml:41:17-77
	android:name
		ADDED from day07map\BaiduMap_AndroidPanoramaSDK_v2.8.6_Sample\AndroidManifest.xml:41:27-74
activity#com.baidu.lbsapi.panodemo.PanoDemoMain
ADDED from day07map\BaiduMap_AndroidPanoramaSDK_v2.8.6_Sample\AndroidManifest.xml:44:9-47:20
	android:screenOrientation
		ADDED from day07map\BaiduMap_AndroidPanoramaSDK_v2.8.6_Sample\AndroidManifest.xml:46:13-47
	android:name
		ADDED from day07map\BaiduMap_AndroidPanoramaSDK_v2.8.6_Sample\AndroidManifest.xml:45:13-66
activity#com.baidu.lbsapi.panodemo.PanoDemoCoordinate
ADDED from day07map\BaiduMap_AndroidPanoramaSDK_v2.8.6_Sample\AndroidManifest.xml:48:9-81
	android:name
		ADDED from day07map\BaiduMap_AndroidPanoramaSDK_v2.8.6_Sample\AndroidManifest.xml:48:19-78